{"/Users/nn/Developer/backend/db.js": {"path":"/Users/nn/Developer/backend/db.js","statementMap":{"0":{"start":{"line":1,"column":22},"end":{"line":1,"column":42}},"1":{"start":{"line":3,"column":18},"end":{"line":8,"column":2}},"2":{"start":{"line":10,"column":0},"end":{"line":10,"column":26}}},"fnMap":{},"branchMap":{},"s":{"0":1,"1":1,"2":1},"f":{},"b":{},"_coverageSchema":"1a1c01bbd47fc00a2c39e90264f33305004495a9","hash":"eabfaf8ced3cbf7d890a6ac77e94431baf832aa3"}
,"/Users/nn/Developer/backend/handlers.js": {"path":"/Users/nn/Developer/backend/handlers.js","statementMap":{"0":{"start":{"line":1,"column":16},"end":{"line":1,"column":51}},"1":{"start":{"line":2,"column":17},"end":{"line":2,"column":53}},"2":{"start":{"line":3,"column":15},"end":{"line":3,"column":35}},"3":{"start":{"line":5,"column":0},"end":{"line":35,"column":1}},"4":{"start":{"line":6,"column":19},"end":{"line":6,"column":48}},"5":{"start":{"line":7,"column":22},"end":{"line":7,"column":42}},"6":{"start":{"line":8,"column":4},"end":{"line":8,"column":87}},"7":{"start":{"line":8,"column":19},"end":{"line":8,"column":87}},"8":{"start":{"line":9,"column":4},"end":{"line":16,"column":5}},"9":{"start":{"line":10,"column":8},"end":{"line":15,"column":9}},"10":{"start":{"line":14,"column":12},"end":{"line":14,"column":80}},"11":{"start":{"line":17,"column":38},"end":{"line":17,"column":46}},"12":{"start":{"line":18,"column":4},"end":{"line":20,"column":5}},"13":{"start":{"line":19,"column":8},"end":{"line":19,"column":72}},"14":{"start":{"line":22,"column":18},"end":{"line":22,"column":51}},"15":{"start":{"line":23,"column":4},"end":{"line":23,"column":79}},"16":{"start":{"line":23,"column":17},"end":{"line":23,"column":79}},"17":{"start":{"line":25,"column":18},"end":{"line":29,"column":6}},"18":{"start":{"line":31,"column":4},"end":{"line":34,"column":6}},"19":{"start":{"line":38,"column":0},"end":{"line":104,"column":1}},"20":{"start":{"line":44,"column":8},"end":{"line":44,"column":16}},"21":{"start":{"line":45,"column":13},"end":{"line":45,"column":34}},"22":{"start":{"line":46,"column":13},"end":{"line":46,"column":34}},"23":{"start":{"line":48,"column":4},"end":{"line":48,"column":78}},"24":{"start":{"line":49,"column":4},"end":{"line":49,"column":78}},"25":{"start":{"line":50,"column":4},"end":{"line":50,"column":23}},"26":{"start":{"line":52,"column":4},"end":{"line":103,"column":5}},"27":{"start":{"line":53,"column":22},"end":{"line":53,"column":24}},"28":{"start":{"line":54,"column":8},"end":{"line":54,"column":37}},"29":{"start":{"line":54,"column":18},"end":{"line":54,"column":37}},"30":{"start":{"line":55,"column":8},"end":{"line":55,"column":37}},"31":{"start":{"line":55,"column":18},"end":{"line":55,"column":37}},"32":{"start":{"line":57,"column":18},"end":{"line":57,"column":69}},"33":{"start":{"line":59,"column":23},"end":{"line":59,"column":59}},"34":{"start":{"line":61,"column":20},"end":{"line":61,"column":54}},"35":{"start":{"line":62,"column":8},"end":{"line":62,"column":60}},"36":{"start":{"line":63,"column":22},"end":{"line":63,"column":24}},"37":{"start":{"line":64,"column":8},"end":{"line":64,"column":38}},"38":{"start":{"line":65,"column":8},"end":{"line":65,"column":26}},"39":{"start":{"line":66,"column":8},"end":{"line":81,"column":9}},"40":{"start":{"line":66,"column":18},"end":{"line":66,"column":19}},"41":{"start":{"line":67,"column":26},"end":{"line":67,"column":77}},"42":{"start":{"line":69,"column":12},"end":{"line":79,"column":13}},"43":{"start":{"line":70,"column":16},"end":{"line":78,"column":17}},"44":{"start":{"line":70,"column":37},"end":{"line":70,"column":57}},"45":{"start":{"line":71,"column":29},"end":{"line":71,"column":73}},"46":{"start":{"line":71,"column":52},"end":{"line":71,"column":72}},"47":{"start":{"line":72,"column":20},"end":{"line":72,"column":78}},"48":{"start":{"line":74,"column":20},"end":{"line":77,"column":22}},"49":{"start":{"line":82,"column":26},"end":{"line":82,"column":49}},"50":{"start":{"line":83,"column":26},"end":{"line":83,"column":28}},"51":{"start":{"line":84,"column":8},"end":{"line":90,"column":10}},"52":{"start":{"line":85,"column":12},"end":{"line":85,"column":108}},"53":{"start":{"line":85,"column":33},"end":{"line":85,"column":47}},"54":{"start":{"line":85,"column":50},"end":{"line":85,"column":108}},"55":{"start":{"line":85,"column":92},"end":{"line":85,"column":106}},"56":{"start":{"line":86,"column":12},"end":{"line":89,"column":14}},"57":{"start":{"line":92,"column":8},"end":{"line":99,"column":10}},"58":{"start":{"line":102,"column":8},"end":{"line":102,"column":22}}},"fnMap":{"0":{"name":"(anonymous_0)","decl":{"start":{"line":5,"column":25},"end":{"line":5,"column":26}},"loc":{"start":{"line":5,"column":45},"end":{"line":35,"column":1}},"line":5},"1":{"name":"(anonymous_1)","decl":{"start":{"line":38,"column":31},"end":{"line":38,"column":32}},"loc":{"start":{"line":38,"column":51},"end":{"line":104,"column":1}},"line":38},"2":{"name":"(anonymous_2)","decl":{"start":{"line":70,"column":32},"end":{"line":70,"column":33}},"loc":{"start":{"line":70,"column":37},"end":{"line":70,"column":57}},"line":70},"3":{"name":"(anonymous_3)","decl":{"start":{"line":71,"column":47},"end":{"line":71,"column":48}},"loc":{"start":{"line":71,"column":52},"end":{"line":71,"column":72}},"line":71},"4":{"name":"(anonymous_4)","decl":{"start":{"line":84,"column":28},"end":{"line":84,"column":29}},"loc":{"start":{"line":84,"column":33},"end":{"line":90,"column":9}},"line":84},"5":{"name":"(anonymous_5)","decl":{"start":{"line":85,"column":28},"end":{"line":85,"column":29}},"loc":{"start":{"line":85,"column":33},"end":{"line":85,"column":47}},"line":85},"6":{"name":"(anonymous_6)","decl":{"start":{"line":85,"column":87},"end":{"line":85,"column":88}},"loc":{"start":{"line":85,"column":92},"end":{"line":85,"column":106}},"line":85}},"branchMap":{"0":{"loc":{"start":{"line":8,"column":4},"end":{"line":8,"column":87}},"type":"if","locations":[{"start":{"line":8,"column":4},"end":{"line":8,"column":87}},{"start":{},"end":{}}],"line":8},"1":{"loc":{"start":{"line":10,"column":8},"end":{"line":15,"column":9}},"type":"if","locations":[{"start":{"line":10,"column":8},"end":{"line":15,"column":9}},{"start":{},"end":{}}],"line":10},"2":{"loc":{"start":{"line":11,"column":12},"end":{"line":12,"column":31}},"type":"binary-expr","locations":[{"start":{"line":11,"column":12},"end":{"line":11,"column":56}},{"start":{"line":12,"column":15},"end":{"line":12,"column":31}}],"line":11},"3":{"loc":{"start":{"line":11,"column":25},"end":{"line":11,"column":39}},"type":"binary-expr","locations":[{"start":{"line":11,"column":25},"end":{"line":11,"column":33}},{"start":{"line":11,"column":37},"end":{"line":11,"column":39}}],"line":11},"4":{"loc":{"start":{"line":18,"column":4},"end":{"line":20,"column":5}},"type":"if","locations":[{"start":{"line":18,"column":4},"end":{"line":20,"column":5}},{"start":{},"end":{}}],"line":18},"5":{"loc":{"start":{"line":18,"column":7},"end":{"line":18,"column":65}},"type":"binary-expr","locations":[{"start":{"line":18,"column":7},"end":{"line":18,"column":34}},{"start":{"line":18,"column":38},"end":{"line":18,"column":65}}],"line":18},"6":{"loc":{"start":{"line":23,"column":4},"end":{"line":23,"column":79}},"type":"if","locations":[{"start":{"line":23,"column":4},"end":{"line":23,"column":79}},{"start":{},"end":{}}],"line":23},"7":{"loc":{"start":{"line":48,"column":9},"end":{"line":48,"column":77}},"type":"binary-expr","locations":[{"start":{"line":48,"column":9},"end":{"line":48,"column":11}},{"start":{"line":48,"column":15},"end":{"line":48,"column":77}}],"line":48},"8":{"loc":{"start":{"line":49,"column":9},"end":{"line":49,"column":77}},"type":"binary-expr","locations":[{"start":{"line":49,"column":9},"end":{"line":49,"column":11}},{"start":{"line":49,"column":15},"end":{"line":49,"column":77}}],"line":49},"9":{"loc":{"start":{"line":54,"column":8},"end":{"line":54,"column":37}},"type":"if","locations":[{"start":{"line":54,"column":8},"end":{"line":54,"column":37}},{"start":{},"end":{}}],"line":54},"10":{"loc":{"start":{"line":55,"column":8},"end":{"line":55,"column":37}},"type":"if","locations":[{"start":{"line":55,"column":8},"end":{"line":55,"column":37}},{"start":{},"end":{}}],"line":55},"11":{"loc":{"start":{"line":57,"column":18},"end":{"line":57,"column":69}},"type":"cond-expr","locations":[{"start":{"line":57,"column":48},"end":{"line":57,"column":64}},{"start":{"line":57,"column":67},"end":{"line":57,"column":69}}],"line":57},"12":{"loc":{"start":{"line":61,"column":35},"end":{"line":61,"column":53}},"type":"binary-expr","locations":[{"start":{"line":61,"column":35},"end":{"line":61,"column":48}},{"start":{"line":61,"column":52},"end":{"line":61,"column":53}}],"line":61},"13":{"loc":{"start":{"line":62,"column":32},"end":{"line":62,"column":58}},"type":"binary-expr","locations":[{"start":{"line":62,"column":32},"end":{"line":62,"column":42}},{"start":{"line":62,"column":46},"end":{"line":62,"column":58}}],"line":62},"14":{"loc":{"start":{"line":69,"column":12},"end":{"line":79,"column":13}},"type":"if","locations":[{"start":{"line":69,"column":12},"end":{"line":79,"column":13}},{"start":{},"end":{}}],"line":69},"15":{"loc":{"start":{"line":70,"column":16},"end":{"line":78,"column":17}},"type":"if","locations":[{"start":{"line":70,"column":16},"end":{"line":78,"column":17}},{"start":{"line":73,"column":23},"end":{"line":78,"column":17}}],"line":70},"16":{"loc":{"start":{"line":85,"column":12},"end":{"line":85,"column":108}},"type":"if","locations":[{"start":{"line":85,"column":12},"end":{"line":85,"column":108}},{"start":{},"end":{}}],"line":85}},"s":{"0":1,"1":1,"2":1,"3":1,"4":1,"5":1,"6":1,"7":0,"8":1,"9":2,"10":0,"11":1,"12":1,"13":0,"14":1,"15":1,"16":0,"17":1,"18":1,"19":1,"20":1,"21":1,"22":1,"23":1,"24":1,"25":1,"26":1,"27":1,"28":1,"29":0,"30":1,"31":0,"32":1,"33":1,"34":1,"35":1,"36":1,"37":1,"38":1,"39":1,"40":1,"41":2,"42":2,"43":0,"44":0,"45":0,"46":0,"47":0,"48":0,"49":1,"50":1,"51":1,"52":2,"53":0,"54":0,"55":0,"56":2,"57":1,"58":0},"f":{"0":1,"1":1,"2":0,"3":0,"4":2,"5":0,"6":0},"b":{"0":[0,1],"1":[0,2],"2":[2,2],"3":[2,0],"4":[0,1],"5":[1,1],"6":[0,1],"7":[1,0],"8":[1,0],"9":[0,1],"10":[0,1],"11":[0,1],"12":[1,1],"13":[1,0],"14":[0,2],"15":[0,0],"16":[0,2]},"_coverageSchema":"1a1c01bbd47fc00a2c39e90264f33305004495a9","hash":"57a2b8fb30ac11590bebde036f3d2992e7a8184b"}
,"/Users/nn/Developer/backend/routes.js": {"path":"/Users/nn/Developer/backend/routes.js","statementMap":{"0":{"start":{"line":1,"column":16},"end":{"line":1,"column":34}},"1":{"start":{"line":2,"column":15},"end":{"line":2,"column":31}},"2":{"start":{"line":3,"column":16},"end":{"line":3,"column":40}},"3":{"start":{"line":6,"column":0},"end":{"line":7,"column":33}},"4":{"start":{"line":9,"column":0},"end":{"line":10,"column":39}},"5":{"start":{"line":12,"column":0},"end":{"line":12,"column":23}}},"fnMap":{},"branchMap":{},"s":{"0":1,"1":1,"2":1,"3":1,"4":1,"5":1},"f":{},"b":{},"_coverageSchema":"1a1c01bbd47fc00a2c39e90264f33305004495a9","hash":"333ab24c4e9b049d92ca3c3928c8acc8295842f0"}
,"/Users/nn/Developer/backend/models/productModel.js": {"path":"/Users/nn/Developer/backend/models/productModel.js","statementMap":{"0":{"start":{"line":1,"column":18},"end":{"line":1,"column":34}},"1":{"start":{"line":2,"column":33},"end":{"line":2,"column":53}},"2":{"start":{"line":4,"column":0},"end":{"line":22,"column":2}}},"fnMap":{},"branchMap":{},"s":{"0":1,"1":1,"2":1},"f":{},"b":{},"_coverageSchema":"1a1c01bbd47fc00a2c39e90264f33305004495a9","hash":"114f8b6ff1a1c799b9cbc199952ecd7ef23e94f0"}
,"/Users/nn/Developer/backend/models/purchaseModel.js": {"path":"/Users/nn/Developer/backend/models/purchaseModel.js","statementMap":{"0":{"start":{"line":1,"column":18},"end":{"line":1,"column":34}},"1":{"start":{"line":2,"column":33},"end":{"line":2,"column":53}},"2":{"start":{"line":4,"column":0},"end":{"line":18,"column":2}}},"fnMap":{},"branchMap":{},"s":{"0":1,"1":1,"2":1},"f":{},"b":{},"_coverageSchema":"1a1c01bbd47fc00a2c39e90264f33305004495a9","hash":"cc74efda8f211cfdef18686fecd963be2112cdf6"}
}
