TN:
SF:db.js
FNF:0
FNH:0
DA:1,1
DA:3,1
DA:10,1
LF:3
LH:3
BRF:0
BRH:0
end_of_record
TN:
SF:handlers.js
FN:5,(anonymous_0)
FN:38,(anonymous_1)
FN:70,(anonymous_2)
FN:71,(anonymous_3)
FN:84,(anonymous_4)
FN:85,(anonymous_5)
FN:85,(anonymous_6)
FNF:7
FNH:3
FNDA:1,(anonymous_0)
FNDA:1,(anonymous_1)
FNDA:0,(anonymous_2)
FNDA:0,(anonymous_3)
FNDA:2,(anonymous_4)
FNDA:0,(anonymous_5)
FNDA:0,(anonymous_6)
DA:1,1
DA:2,1
DA:3,1
DA:5,1
DA:6,1
DA:7,1
DA:8,1
DA:9,1
DA:10,2
DA:14,0
DA:17,1
DA:18,1
DA:19,0
DA:22,1
DA:23,1
DA:25,1
DA:31,1
DA:38,1
DA:44,1
DA:45,1
DA:46,1
DA:48,1
DA:49,1
DA:50,1
DA:52,1
DA:53,1
DA:54,1
DA:55,1
DA:57,1
DA:59,1
DA:61,1
DA:62,1
DA:63,1
DA:64,1
DA:65,1
DA:66,1
DA:67,2
DA:69,2
DA:70,0
DA:71,0
DA:72,0
DA:74,0
DA:82,1
DA:83,1
DA:84,1
DA:85,2
DA:86,2
DA:92,1
DA:102,0
LF:49
LH:42
BRDA:8,0,0,0
BRDA:8,0,1,1
BRDA:10,1,0,0
BRDA:10,1,1,2
BRDA:11,2,0,2
BRDA:11,2,1,2
BRDA:11,3,0,2
BRDA:11,3,1,0
BRDA:18,4,0,0
BRDA:18,4,1,1
BRDA:18,5,0,1
BRDA:18,5,1,1
BRDA:23,6,0,0
BRDA:23,6,1,1
BRDA:48,7,0,1
BRDA:48,7,1,0
BRDA:49,8,0,1
BRDA:49,8,1,0
BRDA:54,9,0,0
BRDA:54,9,1,1
BRDA:55,10,0,0
BRDA:55,10,1,1
BRDA:57,11,0,0
BRDA:57,11,1,1
BRDA:61,12,0,1
BRDA:61,12,1,1
BRDA:62,13,0,1
BRDA:62,13,1,0
BRDA:69,14,0,0
BRDA:69,14,1,2
BRDA:70,15,0,0
BRDA:70,15,1,0
BRDA:85,16,0,0
BRDA:85,16,1,2
BRF:34
BRH:19
end_of_record
TN:
SF:routes.js
FNF:0
FNH:0
DA:1,1
DA:2,1
DA:3,1
DA:6,1
DA:9,1
DA:12,1
LF:6
LH:6
BRF:0
BRH:0
end_of_record
TN:
SF:models/productModel.js
FNF:0
FNH:0
DA:1,1
DA:2,1
DA:4,1
LF:3
LH:3
BRF:0
BRH:0
end_of_record
TN:
SF:models/purchaseModel.js
FNF:0
FNH:0
DA:1,1
DA:2,1
DA:4,1
LF:3
LH:3
BRF:0
BRH:0
end_of_record
